<?xml version="1.0" encoding="UTF-8"?>
<!-- Generated by org.testng.reporters.JUnitXMLReporter -->
<testsuite ignored="0" hostname="TI-NB-392" failures="0" tests="4" name="Default test" time="4.353" errors="0" timestamp="2022-08-05T20:20:50 IST">
  <testcase classname="tests.TestAssignment" name="testcase_001" time="2.539"/>
  <testcase classname="tests.TestAssignment" name="testcase_002" time="0.887"/>
  <testcase classname="tests.TestAssignment" name="testcase_003" time="0.437"/>
  <testcase classname="tests.TestAssignment" name="testcase_004" time="0.436"/>
</testsuite> <!-- Default test -->
