<?xml version="1.0" encoding="UTF-8"?>
<!-- Generated by org.testng.reporters.JUnitXMLReporter -->
<testsuite ignored="0" hostname="TI-NB-392" failures="0" tests="4" name="Default test" time="3.58" errors="0" timestamp="2022-08-05T19:13:58 IST">
  <testcase classname="tests.TestAssignment" name="testcase_001" time="1.774"/>
  <testcase classname="tests.TestAssignment" name="testcase_002" time="0.87"/>
  <testcase classname="tests.TestAssignment" name="testcase_003" time="0.439"/>
  <testcase classname="tests.TestAssignment" name="testcase_004" time="0.449"/>
</testsuite> <!-- Default test -->
