<?xml version="1.0" encoding="UTF-8"?>
<testng-results ignored="0" total="4" passed="4" failed="0" skipped="0">
  <reporter-output>
  </reporter-output>
  <suite started-at="2022-08-04T09:23:03 IST" name="Default suite" finished-at="2022-08-04T09:23:09 IST" duration-ms="6259">
    <groups>
    </groups>
    <test started-at="2022-08-04T09:23:03 IST" name="Default test" finished-at="2022-08-04T09:23:09 IST" duration-ms="6259">
      <class name="tests.TestAssignment">
        <test-method signature="testcase_001()[pri:0, instance:tests.TestAssignment@50a638b5]" started-at="2022-08-04T09:23:03 IST" name="testcase_001" finished-at="2022-08-04T09:23:05 IST" duration-ms="2587" status="PASS">
          <reporter-output>
          </reporter-output>
        </test-method> <!-- testcase_001 -->
        <test-method signature="testcase_002()[pri:0, instance:tests.TestAssignment@50a638b5]" started-at="2022-08-04T09:23:05 IST" name="testcase_002" finished-at="2022-08-04T09:23:07 IST" duration-ms="1892" status="PASS">
          <reporter-output>
          </reporter-output>
        </test-method> <!-- testcase_002 -->
        <test-method signature="testcase_003()[pri:0, instance:tests.TestAssignment@50a638b5]" started-at="2022-08-04T09:23:07 IST" name="testcase_003" finished-at="2022-08-04T09:23:08 IST" duration-ms="912" status="PASS">
          <reporter-output>
          </reporter-output>
        </test-method> <!-- testcase_003 -->
        <test-method signature="testcase_004()[pri:0, instance:tests.TestAssignment@50a638b5]" started-at="2022-08-04T09:23:08 IST" name="testcase_004" finished-at="2022-08-04T09:23:09 IST" duration-ms="830" status="PASS">
          <reporter-output>
          </reporter-output>
        </test-method> <!-- testcase_004 -->
      </class> <!-- tests.TestAssignment -->
    </test> <!-- Default test -->
  </suite> <!-- Default suite -->
</testng-results>
