<?xml version="1.0" encoding="UTF-8"?>
<testng-results ignored="0" total="4" passed="4" failed="0" skipped="0">
  <reporter-output>
  </reporter-output>
  <suite started-at="2022-08-04T13:26:12 IST" name="Default suite" finished-at="2022-08-04T13:26:18 IST" duration-ms="5731">
    <groups>
    </groups>
    <test started-at="2022-08-04T13:26:12 IST" name="Default test" finished-at="2022-08-04T13:26:18 IST" duration-ms="5731">
      <class name="tests.TestAssignment">
        <test-method is-config="true" signature="setup()[pri:0, instance:tests.TestAssignment@7334aada]" started-at="2022-08-04T13:26:12 IST" name="setup" finished-at="2022-08-04T13:26:12 IST" duration-ms="112" status="PASS">
          <reporter-output>
          </reporter-output>
        </test-method> <!-- setup -->
        <test-method signature="testcase_001()[pri:0, instance:tests.TestAssignment@7334aada]" started-at="2022-08-04T13:26:12 IST" name="testcase_001" finished-at="2022-08-04T13:26:14 IST" duration-ms="2522" status="PASS">
          <reporter-output>
          </reporter-output>
        </test-method> <!-- testcase_001 -->
        <test-method signature="testcase_002()[pri:0, instance:tests.TestAssignment@7334aada]" started-at="2022-08-04T13:26:14 IST" name="testcase_002" finished-at="2022-08-04T13:26:16 IST" duration-ms="1421" status="PASS">
          <reporter-output>
          </reporter-output>
        </test-method> <!-- testcase_002 -->
        <test-method signature="testcase_003()[pri:0, instance:tests.TestAssignment@7334aada]" started-at="2022-08-04T13:26:16 IST" name="testcase_003" finished-at="2022-08-04T13:26:17 IST" duration-ms="917" status="PASS">
          <reporter-output>
          </reporter-output>
        </test-method> <!-- testcase_003 -->
        <test-method signature="testcase_004()[pri:0, instance:tests.TestAssignment@7334aada]" started-at="2022-08-04T13:26:17 IST" name="testcase_004" finished-at="2022-08-04T13:26:18 IST" duration-ms="842" status="PASS">
          <reporter-output>
          </reporter-output>
        </test-method> <!-- testcase_004 -->
        <test-method is-config="true" signature="teardown()[pri:0, instance:tests.TestAssignment@7334aada]" started-at="2022-08-04T13:26:18 IST" name="teardown" finished-at="2022-08-04T13:26:18 IST" duration-ms="202" status="PASS">
          <reporter-output>
          </reporter-output>
        </test-method> <!-- teardown -->
      </class> <!-- tests.TestAssignment -->
    </test> <!-- Default test -->
  </suite> <!-- Default suite -->
</testng-results>
